Command line invocation:
    /Applications/Xcode.app/Contents/Developer/usr/bin/xcodebuild build -project /Users/gians/Desktop/dev/mobile/FitTimer/FitTimer.xcodeproj -scheme FitTimer -destination id=00006000-001038302222401E -parallelizeTargets

User defaults from command line:
    IDEPackageSupportUseBuiltinSCM = YES

Prepare packages

ComputeTargetDependencyGraph
note: Building targets in dependency order
note: Target dependency graph (1 target)
    Target 'FitTimer' in project 'FitTimer' (no dependencies)

GatherProvisioningInputs

CreateBuildDescription

ExecuteExternalTool /Applications/Xcode.app/Contents/Developer/Toolchains/XcodeDefault.xctoolchain/usr/bin/clang -v -E -dM -isysroot /Applications/Xcode.app/Contents/Developer/Platforms/iPhoneOS.platform/Developer/SDKs/iPhoneOS18.0.sdk -x c -c /dev/null

ExecuteExternalTool /Applications/Xcode.app/Contents/Developer/usr/bin/actool --print-asset-tag-combinations --output-format xml1 /Users/gians/Desktop/dev/mobile/FitTimer/FitTimer/Preview Content/Preview Assets.xcassets /Users/gians/Desktop/dev/mobile/FitTimer/FitTimer/Assets.xcassets

ExecuteExternalTool /Applications/Xcode.app/Contents/Developer/usr/bin/actool --version --output-format xml1

ExecuteExternalTool /Applications/Xcode.app/Contents/Developer/Toolchains/XcodeDefault.xctoolchain/usr/bin/swiftc --version

ExecuteExternalTool /Applications/Xcode.app/Contents/Developer/Toolchains/XcodeDefault.xctoolchain/usr/bin/ld -version_details

Build description signature: 4bc4ec9464a302f80016febf625dd9c0
Build description path: /Users/gians/Library/Developer/Xcode/DerivedData/FitTimer-diwhcmujslxsrphckaugpcccmjbx/Build/Intermediates.noindex/XCBuildData/4bc4ec9464a302f80016febf625dd9c0.xcbuilddata
/Users/gians/Desktop/dev/mobile/FitTimer/FitTimer.xcodeproj: error: Provisioning profile "iOS Team Provisioning Profile: *" doesn't include the currently selected device "MacBook Pro" (identifier 00006000-001038302222401E). (in target 'FitTimer' from project 'FitTimer')
** BUILD FAILED **


The following build commands failed:
	Building project FitTimer with scheme FitTimer
(1 failure)

